{"logTime": "0517/072344", "correlationVector":"","action":"Microsoft.Sync.State.UserActionableError.30Sec", "result":"Error:7"}
{"logTime": "0517/072344", "correlationVector":"","action":"Microsoft.Sync.State.Existing.UserActionableError.30Sec", "result":"Error:7"}
{"logTime": "0517/072414", "correlationVector":"","action":"Microsoft.Sync.State.UserActionableError.1Min", "result":"Error:7"}
{"logTime": "0517/072414", "correlationVector":"","action":"Microsoft.Sync.State.Existing.UserActionableError.1Min", "result":"Error:7"}
{"logTime": "0517/072515", "correlationVector":"","action":"Microsoft.Sync.State.UserActionableError.2Min", "result":"Error:7"}
{"logTime": "0517/072515", "correlationVector":"","action":"Microsoft.Sync.State.Existing.UserActionableError.2Min", "result":"Error:7"}
{"logTime": "0517/073423", "correlationVector":"","action":"Microsoft.Sync.State.UserActionableError.30Sec", "result":"Error:7"}
{"logTime": "0517/073423", "correlationVector":"","action":"Microsoft.Sync.State.Sign.In.UserActionableError.30Sec", "result":"Error:7"}
{"logTime": "0517/073453", "correlationVector":"","action":"Microsoft.Sync.State.UserActionableError.1Min", "result":"Error:7"}
{"logTime": "0517/073453", "correlationVector":"","action":"Microsoft.Sync.State.Sign.In.UserActionableError.1Min", "result":"Error:7"}
{"logTime": "0517/073553", "correlationVector":"","action":"Microsoft.Sync.State.UserActionableError.2Min", "result":"Error:7"}
{"logTime": "0517/073553", "correlationVector":"","action":"Microsoft.Sync.State.Sign.In.UserActionableError.2Min", "result":"Error:7"}
{"logTime": "0517/073853", "correlationVector":"","action":"Microsoft.Sync.State.UserActionableError.5Min", "result":"Error:7"}
{"logTime": "0517/073853", "correlationVector":"","action":"Microsoft.Sync.State.Sign.In.UserActionableError.5Min", "result":"Error:7"}
{"logTime": "0517/074329", "correlationVector":"","action":"Microsoft.Sync.State.UserActionableError.30Sec", "result":"Error:7"}
{"logTime": "0517/074329", "correlationVector":"","action":"Microsoft.Sync.State.Existing.UserActionableError.30Sec", "result":"Error:7"}
{"logTime": "0517/074359", "correlationVector":"","action":"Microsoft.Sync.State.UserActionableError.1Min", "result":"Error:7"}
{"logTime": "0517/074359", "correlationVector":"","action":"Microsoft.Sync.State.Existing.UserActionableError.1Min", "result":"Error:7"}
{"logTime": "0517/074459", "correlationVector":"","action":"Microsoft.Sync.State.UserActionableError.2Min", "result":"Error:7"}
{"logTime": "0517/074459", "correlationVector":"","action":"Microsoft.Sync.State.Existing.UserActionableError.2Min", "result":"Error:7"}
{"logTime": "0517/074759", "correlationVector":"","action":"Microsoft.Sync.State.UserActionableError.5Min", "result":"Error:7"}
{"logTime": "0517/074759", "correlationVector":"","action":"Microsoft.Sync.State.Existing.UserActionableError.5Min", "result":"Error:7"}
{"logTime": "0517/075223", "correlationVector":"","action":"Microsoft.Sync.State.UserActionableError.30Sec", "result":"Error:7"}
{"logTime": "0517/075223", "correlationVector":"","action":"Microsoft.Sync.State.Sign.In.UserActionableError.30Sec", "result":"Error:7"}
{"logTime": "0517/075253", "correlationVector":"","action":"Microsoft.Sync.State.UserActionableError.1Min", "result":"Error:7"}
{"logTime": "0517/075253", "correlationVector":"","action":"Microsoft.Sync.State.Sign.In.UserActionableError.1Min", "result":"Error:7"}
{"logTime": "0517/075353", "correlationVector":"","action":"Microsoft.Sync.State.UserActionableError.2Min", "result":"Error:7"}
{"logTime": "0517/075353", "correlationVector":"","action":"Microsoft.Sync.State.Sign.In.UserActionableError.2Min", "result":"Error:7"}
{"logTime": "0517/075653", "correlationVector":"","action":"Microsoft.Sync.State.UserActionableError.5Min", "result":"Error:7"}
{"logTime": "0517/075653", "correlationVector":"","action":"Microsoft.Sync.State.Sign.In.UserActionableError.5Min", "result":"Error:7"}
{"logTime": "0517/081530", "correlationVector":"","action":"Microsoft.Sync.State.UserActionableError.30Sec", "result":"Error:7"}
{"logTime": "0517/081530", "correlationVector":"","action":"Microsoft.Sync.State.Existing.UserActionableError.30Sec", "result":"Error:7"}
{"logTime": "0517/081600", "correlationVector":"","action":"Microsoft.Sync.State.UserActionableError.1Min", "result":"Error:7"}
{"logTime": "0517/081600", "correlationVector":"","action":"Microsoft.Sync.State.Existing.UserActionableError.1Min", "result":"Error:7"}
{"logTime": "0517/110829", "correlationVector":"","action":"Microsoft.Sync.State.UserActionableError.30Sec", "result":"Error:7"}
{"logTime": "0517/110829", "correlationVector":"","action":"Microsoft.Sync.State.Sign.In.UserActionableError.30Sec", "result":"Error:7"}
{"logTime": "0517/110859", "correlationVector":"","action":"Microsoft.Sync.State.UserActionableError.1Min", "result":"Error:7"}
{"logTime": "0517/110859", "correlationVector":"","action":"Microsoft.Sync.State.Sign.In.UserActionableError.1Min", "result":"Error:7"}
{"logTime": "0517/110959", "correlationVector":"","action":"Microsoft.Sync.State.UserActionableError.2Min", "result":"Error:7"}
{"logTime": "0517/110959", "correlationVector":"","action":"Microsoft.Sync.State.Sign.In.UserActionableError.2Min", "result":"Error:7"}
{"logTime": "0517/111259", "correlationVector":"","action":"Microsoft.Sync.State.UserActionableError.5Min", "result":"Error:7"}
{"logTime": "0517/111259", "correlationVector":"","action":"Microsoft.Sync.State.Sign.In.UserActionableError.5Min", "result":"Error:7"}
{"logTime": "0517/112145", "correlationVector":"","action":"Microsoft.Sync.State.UserActionableError.30Sec", "result":"Error:7"}
{"logTime": "0517/112145", "correlationVector":"","action":"Microsoft.Sync.State.Existing.UserActionableError.30Sec", "result":"Error:7"}
{"logTime": "0517/112215", "correlationVector":"","action":"Microsoft.Sync.State.UserActionableError.1Min", "result":"Error:7"}
{"logTime": "0517/112215", "correlationVector":"","action":"Microsoft.Sync.State.Existing.UserActionableError.1Min", "result":"Error:7"}
{"logTime": "0517/112315", "correlationVector":"","action":"Microsoft.Sync.State.UserActionableError.2Min", "result":"Error:7"}
{"logTime": "0517/112315", "correlationVector":"","action":"Microsoft.Sync.State.Existing.UserActionableError.2Min", "result":"Error:7"}
{"logTime": "0517/112615", "correlationVector":"","action":"Microsoft.Sync.State.UserActionableError.5Min", "result":"Error:7"}
{"logTime": "0517/112615", "correlationVector":"","action":"Microsoft.Sync.State.Existing.UserActionableError.5Min", "result":"Error:7"}
{"logTime": "0517/114240", "correlationVector":"","action":"Microsoft.Sync.State.UserActionableError.30Sec", "result":"Error:7"}
{"logTime": "0517/114240", "correlationVector":"","action":"Microsoft.Sync.State.Sign.In.UserActionableError.30Sec", "result":"Error:7"}
{"logTime": "0517/114310", "correlationVector":"","action":"Microsoft.Sync.State.UserActionableError.1Min", "result":"Error:7"}
{"logTime": "0517/114310", "correlationVector":"","action":"Microsoft.Sync.State.Sign.In.UserActionableError.1Min", "result":"Error:7"}
{"logTime": "0517/114410", "correlationVector":"","action":"Microsoft.Sync.State.UserActionableError.2Min", "result":"Error:7"}
{"logTime": "0517/114410", "correlationVector":"","action":"Microsoft.Sync.State.Sign.In.UserActionableError.2Min", "result":"Error:7"}
{"logTime": "0517/114552", "correlationVector":"","action":"Microsoft.Sync.State.UserActionableError.30Sec", "result":"Error:7"}
{"logTime": "0517/114552", "correlationVector":"","action":"Microsoft.Sync.State.Existing.UserActionableError.30Sec", "result":"Error:7"}
{"logTime": "0517/114622", "correlationVector":"","action":"Microsoft.Sync.State.UserActionableError.1Min", "result":"Error:7"}
{"logTime": "0517/114622", "correlationVector":"","action":"Microsoft.Sync.State.Existing.UserActionableError.1Min", "result":"Error:7"}
{"logTime": "0517/114722", "correlationVector":"","action":"Microsoft.Sync.State.UserActionableError.2Min", "result":"Error:7"}
{"logTime": "0517/114722", "correlationVector":"","action":"Microsoft.Sync.State.Existing.UserActionableError.2Min", "result":"Error:7"}
{"logTime": "0517/115022", "correlationVector":"","action":"Microsoft.Sync.State.UserActionableError.5Min", "result":"Error:7"}
{"logTime": "0517/115022", "correlationVector":"","action":"Microsoft.Sync.State.Existing.UserActionableError.5Min", "result":"Error:7"}
{"logTime": "0517/115754", "correlationVector":"","action":"Microsoft.Sync.State.UserActionableError.30Sec", "result":"Error:7"}
{"logTime": "0517/115754", "correlationVector":"","action":"Microsoft.Sync.State.Sign.In.UserActionableError.30Sec", "result":"Error:7"}
{"logTime": "0517/115824", "correlationVector":"","action":"Microsoft.Sync.State.UserActionableError.1Min", "result":"Error:7"}
{"logTime": "0517/115824", "correlationVector":"","action":"Microsoft.Sync.State.Sign.In.UserActionableError.1Min", "result":"Error:7"}
{"logTime": "0517/120009", "correlationVector":"","action":"Microsoft.Sync.State.UserActionableError.30Sec", "result":"Error:7"}
{"logTime": "0517/120009", "correlationVector":"","action":"Microsoft.Sync.State.Existing.UserActionableError.30Sec", "result":"Error:7"}
{"logTime": "0517/120039", "correlationVector":"","action":"Microsoft.Sync.State.UserActionableError.1Min", "result":"Error:7"}
{"logTime": "0517/120039", "correlationVector":"","action":"Microsoft.Sync.State.Existing.UserActionableError.1Min", "result":"Error:7"}
{"logTime": "0517/120139", "correlationVector":"","action":"Microsoft.Sync.State.UserActionableError.2Min", "result":"Error:7"}
{"logTime": "0517/120139", "correlationVector":"","action":"Microsoft.Sync.State.Existing.UserActionableError.2Min", "result":"Error:7"}
{"logTime": "0517/120439", "correlationVector":"","action":"Microsoft.Sync.State.UserActionableError.5Min", "result":"Error:7"}
{"logTime": "0517/120439", "correlationVector":"","action":"Microsoft.Sync.State.Existing.UserActionableError.5Min", "result":"Error:7"}
{"logTime": "0517/120634", "correlationVector":"","action":"Microsoft.Sync.State.UserActionableError.30Sec", "result":"Error:7"}
{"logTime": "0517/120634", "correlationVector":"","action":"Microsoft.Sync.State.Sign.In.UserActionableError.30Sec", "result":"Error:7"}
{"logTime": "0517/120704", "correlationVector":"","action":"Microsoft.Sync.State.UserActionableError.1Min", "result":"Error:7"}
{"logTime": "0517/120704", "correlationVector":"","action":"Microsoft.Sync.State.Sign.In.UserActionableError.1Min", "result":"Error:7"}
{"logTime": "0517/120804", "correlationVector":"","action":"Microsoft.Sync.State.UserActionableError.2Min", "result":"Error:7"}
{"logTime": "0517/120804", "correlationVector":"","action":"Microsoft.Sync.State.Sign.In.UserActionableError.2Min", "result":"Error:7"}
{"logTime": "0517/121152", "correlationVector":"","action":"Microsoft.Sync.State.UserActionableError.30Sec", "result":"Error:7"}
{"logTime": "0517/121152", "correlationVector":"","action":"Microsoft.Sync.State.Existing.UserActionableError.30Sec", "result":"Error:7"}
