2026-05-03 07:52:14.350: [INFO][Sync] Reset engine, reason: 8
2026-05-03 07:52:14.350: [INFO][Sync] Stopped: Bookmarks
2026-05-03 07:52:14.350: [INFO][Sync] Stopped: Preferences
2026-05-03 07:52:14.350: [INFO][Sync] Stopped: Passwords
2026-05-03 07:52:14.350: [INFO][Sync] Stopped: Autofill Profiles
2026-05-03 07:52:14.350: [INFO][Sync] Stopped: Autofill
2026-05-03 07:52:14.350: [INFO][Sync] Stopped: Extensions
2026-05-03 07:52:14.350: [INFO][Sync] Stopped: Sessions
2026-05-03 07:52:14.350: [INFO][Sync] Stopped: Extension settings
2026-05-03 07:52:14.350: [INFO][Sync] Stopped: History Delete Directives
2026-05-03 07:52:14.350: [INFO][Sync] Stopped: Device Info
2026-05-03 07:52:14.350: [INFO][Sync] Stopped: User Consents
2026-05-03 07:52:14.350: [INFO][Sync] Stopped: Send Tab To Self
2026-05-03 07:52:14.350: [INFO][Sync] Stopped: Web Apps
2026-05-03 07:52:14.350: [INFO][Sync] Stopped: History
2026-05-03 07:52:14.350: [INFO][Sync] Stopped: Saved Tab Group
2026-05-03 07:52:14.350: [INFO][Sync] Stopped: WebAuthn Credentials
2026-05-03 07:52:14.350: [INFO][Sync] Stopped: Collection
2026-05-03 07:52:14.350: [INFO][Sync] Stopped: Edge E Drop
2026-05-03 07:52:14.350: [INFO][Sync] Stopped: Edge Hub App Usage
2026-05-03 07:52:14.350: [INFO][Sync] Stopped: Edge Wallet
2026-05-03 07:52:14.350: [INFO][Sync] Stopped: Edge Workspace
2026-05-03 07:52:14.350: [INFO][Sync] SyncState after authenticated was: NotSignedIn
2026-05-03 07:52:14.705: [INFO][Sync] Reset engine, reason: 8
2026-05-03 07:52:14.705: [INFO][Sync] Stopped: Bookmarks
2026-05-03 07:52:14.705: [INFO][Sync] Stopped: Preferences
2026-05-03 07:52:14.705: [INFO][Sync] Stopped: Passwords
2026-05-03 07:52:14.706: [INFO][Sync] Stopped: Autofill Profiles
2026-05-03 07:52:14.706: [INFO][Sync] Stopped: Autofill
2026-05-03 07:52:14.706: [INFO][Sync] Stopped: Extensions
2026-05-03 07:52:14.706: [INFO][Sync] Stopped: Sessions
2026-05-03 07:52:14.706: [INFO][Sync] Stopped: Extension settings
2026-05-03 07:52:14.706: [INFO][Sync] Stopped: History Delete Directives
2026-05-03 07:52:14.706: [INFO][Sync] Stopped: Device Info
2026-05-03 07:52:14.706: [INFO][Sync] Stopped: User Consents
2026-05-03 07:52:14.706: [INFO][Sync] Stopped: Send Tab To Self
2026-05-03 07:52:14.706: [INFO][Sync] Stopped: Web Apps
2026-05-03 07:52:14.706: [INFO][Sync] Stopped: History
2026-05-03 07:52:14.706: [INFO][Sync] Stopped: Saved Tab Group
2026-05-03 07:52:14.706: [INFO][Sync] Stopped: WebAuthn Credentials
2026-05-03 07:52:14.706: [INFO][Sync] Stopped: Collection
2026-05-03 07:52:14.706: [INFO][Sync] Stopped: Edge E Drop
2026-05-03 07:52:14.706: [INFO][Sync] Stopped: Edge Hub App Usage
2026-05-03 07:52:14.706: [INFO][Sync] Stopped: Edge Wallet
2026-05-03 07:52:14.706: [INFO][Sync] Stopped: Edge Workspace
2026-05-03 07:53:28.989: [INFO][Sync] Reset engine, reason: 0
2026-05-03 12:19:27.785: [INFO][Sync] SyncState after authenticated was: FeatureNotSetup
2026-05-03 12:19:45.328: [INFO][Sync] Reset engine, reason: 0
2026-05-03 12:23:40.603: [INFO][Sync] Reset engine, reason: 8
2026-05-03 12:23:40.603: [INFO][Sync] Stopped: Bookmarks
2026-05-03 12:23:40.603: [INFO][Sync] Stopped: Preferences
2026-05-03 12:23:40.603: [INFO][Sync] Stopped: Passwords
2026-05-03 12:23:40.603: [INFO][Sync] Stopped: Autofill Profiles
2026-05-03 12:23:40.603: [INFO][Sync] Stopped: Autofill
2026-05-03 12:23:40.603: [INFO][Sync] Stopped: Extensions
2026-05-03 12:23:40.603: [INFO][Sync] Stopped: Sessions
2026-05-03 12:23:40.603: [INFO][Sync] Stopped: Extension settings
2026-05-03 12:23:40.603: [INFO][Sync] Stopped: History Delete Directives
2026-05-03 12:23:40.603: [INFO][Sync] Stopped: Device Info
2026-05-03 12:23:40.603: [INFO][Sync] Stopped: User Consents
2026-05-03 12:23:40.603: [INFO][Sync] Stopped: Send Tab To Self
2026-05-03 12:23:40.603: [INFO][Sync] Stopped: Web Apps
2026-05-03 12:23:40.603: [INFO][Sync] Stopped: History
2026-05-03 12:23:40.603: [INFO][Sync] Stopped: Saved Tab Group
2026-05-03 12:23:40.603: [INFO][Sync] Stopped: WebAuthn Credentials
2026-05-03 12:23:40.603: [INFO][Sync] Stopped: Collection
2026-05-03 12:23:40.603: [INFO][Sync] Stopped: Edge E Drop
2026-05-03 12:23:40.603: [INFO][Sync] Stopped: Edge Hub App Usage
2026-05-03 12:23:40.603: [INFO][Sync] Stopped: Edge Wallet
2026-05-03 12:23:40.603: [INFO][Sync] Stopped: Edge Workspace
2026-05-03 12:23:40.603: [INFO][Sync] SyncState after authenticated was: NotSignedIn
2026-05-03 12:23:40.848: [INFO][Sync] Reset engine, reason: 8
2026-05-03 12:23:40.848: [INFO][Sync] Stopped: Bookmarks
2026-05-03 12:23:40.848: [INFO][Sync] Stopped: Preferences
2026-05-03 12:23:40.848: [INFO][Sync] Stopped: Passwords
2026-05-03 12:23:40.848: [INFO][Sync] Stopped: Autofill Profiles
2026-05-03 12:23:40.848: [INFO][Sync] Stopped: Autofill
2026-05-03 12:23:40.848: [INFO][Sync] Stopped: Extensions
2026-05-03 12:23:40.848: [INFO][Sync] Stopped: Sessions
2026-05-03 12:23:40.848: [INFO][Sync] Stopped: Extension settings
2026-05-03 12:23:40.848: [INFO][Sync] Stopped: History Delete Directives
2026-05-03 12:23:40.848: [INFO][Sync] Stopped: Device Info
2026-05-03 12:23:40.848: [INFO][Sync] Stopped: User Consents
2026-05-03 12:23:40.848: [INFO][Sync] Stopped: Send Tab To Self
2026-05-03 12:23:40.848: [INFO][Sync] Stopped: Web Apps
2026-05-03 12:23:40.848: [INFO][Sync] Stopped: History
2026-05-03 12:23:40.848: [INFO][Sync] Stopped: Saved Tab Group
2026-05-03 12:23:40.848: [INFO][Sync] Stopped: WebAuthn Credentials
2026-05-03 12:23:40.848: [INFO][Sync] Stopped: Collection
2026-05-03 12:23:40.848: [INFO][Sync] Stopped: Edge E Drop
2026-05-03 12:23:40.848: [INFO][Sync] Stopped: Edge Hub App Usage
2026-05-03 12:23:40.848: [INFO][Sync] Stopped: Edge Wallet
2026-05-03 12:23:40.848: [INFO][Sync] Stopped: Edge Workspace
2026-05-03 12:25:26.895: [INFO][Sync] Reset engine, reason: 0
2026-05-03 12:27:44.935: [INFO][Sync] SyncState after authenticated was: FeatureNotSetup
2026-05-03 12:42:22.602: [INFO][Sync] Reset engine, reason: 0
2026-05-03 12:42:29.309: [INFO][Sync] Reset engine, reason: 8
2026-05-03 12:42:29.309: [INFO][Sync] Stopped: Bookmarks
2026-05-03 12:42:29.309: [INFO][Sync] Stopped: Preferences
2026-05-03 12:42:29.309: [INFO][Sync] Stopped: Passwords
2026-05-03 12:42:29.309: [INFO][Sync] Stopped: Autofill Profiles
2026-05-03 12:42:29.309: [INFO][Sync] Stopped: Autofill
2026-05-03 12:42:29.309: [INFO][Sync] Stopped: Extensions
2026-05-03 12:42:29.309: [INFO][Sync] Stopped: Sessions
2026-05-03 12:42:29.309: [INFO][Sync] Stopped: Extension settings
2026-05-03 12:42:29.309: [INFO][Sync] Stopped: History Delete Directives
2026-05-03 12:42:29.309: [INFO][Sync] Stopped: Device Info
2026-05-03 12:42:29.309: [INFO][Sync] Stopped: User Consents
2026-05-03 12:42:29.309: [INFO][Sync] Stopped: Send Tab To Self
2026-05-03 12:42:29.309: [INFO][Sync] Stopped: Web Apps
2026-05-03 12:42:29.309: [INFO][Sync] Stopped: History
2026-05-03 12:42:29.309: [INFO][Sync] Stopped: Saved Tab Group
2026-05-03 12:42:29.309: [INFO][Sync] Stopped: WebAuthn Credentials
2026-05-03 12:42:29.309: [INFO][Sync] Stopped: Collection
2026-05-03 12:42:29.309: [INFO][Sync] Stopped: Edge E Drop
2026-05-03 12:42:29.309: [INFO][Sync] Stopped: Edge Hub App Usage
2026-05-03 12:42:29.309: [INFO][Sync] Stopped: Edge Wallet
2026-05-03 12:42:29.309: [INFO][Sync] Stopped: Edge Workspace
2026-05-03 12:42:29.310: [INFO][Sync] SyncState after authenticated was: NotSignedIn
2026-05-03 12:42:29.573: [INFO][Sync] Reset engine, reason: 8
2026-05-03 12:42:29.573: [INFO][Sync] Stopped: Bookmarks
2026-05-03 12:42:29.573: [INFO][Sync] Stopped: Preferences
2026-05-03 12:42:29.573: [INFO][Sync] Stopped: Passwords
2026-05-03 12:42:29.573: [INFO][Sync] Stopped: Autofill Profiles
2026-05-03 12:42:29.573: [INFO][Sync] Stopped: Autofill
2026-05-03 12:42:29.573: [INFO][Sync] Stopped: Extensions
2026-05-03 12:42:29.573: [INFO][Sync] Stopped: Sessions
2026-05-03 12:42:29.573: [INFO][Sync] Stopped: Extension settings
2026-05-03 12:42:29.573: [INFO][Sync] Stopped: History Delete Directives
2026-05-03 12:42:29.573: [INFO][Sync] Stopped: Device Info
2026-05-03 12:42:29.574: [INFO][Sync] Stopped: User Consents
2026-05-03 12:42:29.574: [INFO][Sync] Stopped: Send Tab To Self
2026-05-03 12:42:29.574: [INFO][Sync] Stopped: Web Apps
2026-05-03 12:42:29.574: [INFO][Sync] Stopped: History
2026-05-03 12:42:29.574: [INFO][Sync] Stopped: Saved Tab Group
2026-05-03 12:42:29.574: [INFO][Sync] Stopped: WebAuthn Credentials
2026-05-03 12:42:29.574: [INFO][Sync] Stopped: Collection
2026-05-03 12:42:29.574: [INFO][Sync] Stopped: Edge E Drop
2026-05-03 12:42:29.574: [INFO][Sync] Stopped: Edge Hub App Usage
2026-05-03 12:42:29.574: [INFO][Sync] Stopped: Edge Wallet
2026-05-03 12:42:29.574: [INFO][Sync] Stopped: Edge Workspace
2026-05-03 13:49:00.903: [INFO][Sync] Reset engine, reason: 0
2026-05-03 13:50:36.883: [INFO][Sync] SyncState after authenticated was: FeatureNotSetup
2026-05-03 13:51:15.294: [INFO][Sync] Reset engine, reason: 0
2026-05-03 13:56:04.355: [INFO][Sync] Reset engine, reason: 8
2026-05-03 13:56:04.356: [INFO][Sync] Stopped: Bookmarks
2026-05-03 13:56:04.356: [INFO][Sync] Stopped: Preferences
2026-05-03 13:56:04.356: [INFO][Sync] Stopped: Passwords
2026-05-03 13:56:04.356: [INFO][Sync] Stopped: Autofill Profiles
2026-05-03 13:56:04.356: [INFO][Sync] Stopped: Autofill
2026-05-03 13:56:04.356: [INFO][Sync] Stopped: Extensions
2026-05-03 13:56:04.356: [INFO][Sync] Stopped: Sessions
2026-05-03 13:56:04.356: [INFO][Sync] Stopped: Extension settings
2026-05-03 13:56:04.356: [INFO][Sync] Stopped: History Delete Directives
2026-05-03 13:56:04.356: [INFO][Sync] Stopped: Device Info
2026-05-03 13:56:04.356: [INFO][Sync] Stopped: User Consents
2026-05-03 13:56:04.356: [INFO][Sync] Stopped: Send Tab To Self
2026-05-03 13:56:04.356: [INFO][Sync] Stopped: Web Apps
2026-05-03 13:56:04.356: [INFO][Sync] Stopped: History
2026-05-03 13:56:04.356: [INFO][Sync] Stopped: Saved Tab Group
2026-05-03 13:56:04.356: [INFO][Sync] Stopped: WebAuthn Credentials
2026-05-03 13:56:04.356: [INFO][Sync] Stopped: Collection
2026-05-03 13:56:04.356: [INFO][Sync] Stopped: Edge E Drop
2026-05-03 13:56:04.356: [INFO][Sync] Stopped: Edge Hub App Usage
2026-05-03 13:56:04.356: [INFO][Sync] Stopped: Edge Wallet
2026-05-03 13:56:04.356: [INFO][Sync] Stopped: Edge Workspace
2026-05-03 13:56:04.356: [INFO][Sync] SyncState after authenticated was: NotSignedIn
2026-05-03 13:56:04.543: [INFO][Sync] Reset engine, reason: 8
2026-05-03 13:56:04.543: [INFO][Sync] Stopped: Bookmarks
2026-05-03 13:56:04.543: [INFO][Sync] Stopped: Preferences
2026-05-03 13:56:04.543: [INFO][Sync] Stopped: Passwords
2026-05-03 13:56:04.543: [INFO][Sync] Stopped: Autofill Profiles
2026-05-03 13:56:04.543: [INFO][Sync] Stopped: Autofill
2026-05-03 13:56:04.543: [INFO][Sync] Stopped: Extensions
2026-05-03 13:56:04.543: [INFO][Sync] Stopped: Sessions
2026-05-03 13:56:04.543: [INFO][Sync] Stopped: Extension settings
2026-05-03 13:56:04.543: [INFO][Sync] Stopped: History Delete Directives
2026-05-03 13:56:04.543: [INFO][Sync] Stopped: Device Info
2026-05-03 13:56:04.543: [INFO][Sync] Stopped: User Consents
2026-05-03 13:56:04.543: [INFO][Sync] Stopped: Send Tab To Self
2026-05-03 13:56:04.543: [INFO][Sync] Stopped: Web Apps
2026-05-03 13:56:04.543: [INFO][Sync] Stopped: History
2026-05-03 13:56:04.543: [INFO][Sync] Stopped: Saved Tab Group
2026-05-03 13:56:04.543: [INFO][Sync] Stopped: WebAuthn Credentials
2026-05-03 13:56:04.543: [INFO][Sync] Stopped: Collection
2026-05-03 13:56:04.543: [INFO][Sync] Stopped: Edge E Drop
2026-05-03 13:56:04.543: [INFO][Sync] Stopped: Edge Hub App Usage
2026-05-03 13:56:04.543: [INFO][Sync] Stopped: Edge Wallet
2026-05-03 13:56:04.543: [INFO][Sync] Stopped: Edge Workspace
2026-05-03 13:56:33.199: [INFO][Sync] Reset engine, reason: 0
